This is pdfTeX, Version 3.141592653-2.6-1.40.24 (TeX Live 2022/Arch Linux) (preloaded format=pdflatex 2022.5.21)  16 JUN 2022 17:50
entering extended mode
 restricted \write18 enabled.
 file:line:error style messages enabled.
 %&-line parsing enabled.
**vandermonde.tex
(./vandermonde.tex
LaTeX2e <2021-11-15> patch level 1
L3 programming layer <2022-04-10> (/usr/share/texmf-dist/tex/latex/base/book.cls
Document Class: book 2021/10/04 v1.4n Standard LaTeX document class
(/usr/share/texmf-dist/tex/latex/base/bk10.clo
File: bk10.clo 2021/10/04 v1.4n Standard LaTeX file (size option)
)
\c@part=\count185
\c@chapter=\count186
\c@section=\count187
\c@subsection=\count188
\c@subsubsection=\count189
\c@paragraph=\count190
\c@subparagraph=\count191
\c@figure=\count192
\c@table=\count193
\abovecaptionskip=\skip47
\belowcaptionskip=\skip48
\bibindent=\dimen138
) (/usr/share/texmf-dist/tex/latex/geometry/geometry.sty
Package: geometry 2020/01/02 v5.9 Page Geometry
 (/usr/share/texmf-dist/tex/latex/graphics/keyval.sty
Package: keyval 2014/10/28 v1.15 key=value parser (DPC)
\KV@toks@=\toks16
) (/usr/share/texmf-dist/tex/generic/iftex/ifvtex.sty
Package: ifvtex 2019/10/25 v1.7 ifvtex legacy package. Use iftex instead.
 (/usr/share/texmf-dist/tex/generic/iftex/iftex.sty
Package: iftex 2022/02/03 v1.0f TeX engine tests
))
\Gm@cnth=\count194
\Gm@cntv=\count195
\c@Gm@tempcnt=\count196
\Gm@bindingoffset=\dimen139
\Gm@wd@mp=\dimen140
\Gm@odd@mp=\dimen141
\Gm@even@mp=\dimen142
\Gm@layoutwidth=\dimen143
\Gm@layoutheight=\dimen144
\Gm@layouthoffset=\dimen145
\Gm@layoutvoffset=\dimen146
\Gm@dimlist=\toks17
) (/usr/share/texmf-dist/tex/latex/fira/FiraSans.sty
Package: FiraSans 2019/10/10 (Bob Tennent and autoinst) Style file for Fira Sans fonts.
 (/usr/share/texmf-dist/tex/generic/iftex/ifxetex.sty
Package: ifxetex 2019/10/25 v0.7 ifxetex legacy package. Use iftex instead.
) (/usr/share/texmf-dist/tex/generic/iftex/ifluatex.sty
Package: ifluatex 2019/10/25 v1.5 ifluatex legacy package. Use iftex instead.
) (/usr/share/texmf-dist/tex/latex/xkeyval/xkeyval.sty
Package: xkeyval 2020/11/20 v2.8 package option processing (HA)
 (/usr/share/texmf-dist/tex/generic/xkeyval/xkeyval.tex (/usr/share/texmf-dist/tex/generic/xkeyval/xkvutils.tex
\XKV@toks=\toks18
\XKV@tempa@toks=\toks19
)
\XKV@depth=\count197
File: xkeyval.tex 2014/12/03 v2.7a key=value parser (HA)
)) (/usr/share/texmf-dist/tex/latex/base/textcomp.sty
Package: textcomp 2020/02/02 v2.0n Standard LaTeX package
) (/usr/share/texmf-dist/tex/latex/fontaxes/fontaxes.sty
Package: fontaxes 2020/07/21 v1.0e Font selection axes
LaTeX Info: Redefining \upshape on input line 29.
LaTeX Info: Redefining \itshape on input line 31.
LaTeX Info: Redefining \slshape on input line 33.
LaTeX Info: Redefining \swshape on input line 35.
LaTeX Info: Redefining \scshape on input line 37.
LaTeX Info: Redefining \sscshape on input line 39.
LaTeX Info: Redefining \ulcshape on input line 41.
LaTeX Info: Redefining \textsw on input line 47.
LaTeX Info: Redefining \textssc on input line 48.
LaTeX Info: Redefining \textulc on input line 49.
)) (/usr/share/texmf-dist/tex/latex/psnfss/mathpazo.sty
Package: mathpazo 2020/03/25 PSNFSS-v9.3 Palatino w/ Pazo Math (D.Puga, WaS) 
\symupright=\mathgroup4
) (/usr/share/texmf-dist/tex/latex/amsmath/amsmath.sty
Package: amsmath 2021/10/15 v2.17l AMS math features
\@mathmargin=\skip49

For additional information on amsmath, use the `?' option.
(/usr/share/texmf-dist/tex/latex/amsmath/amstext.sty
Package: amstext 2021/08/26 v2.01 AMS text
 (/usr/share/texmf-dist/tex/latex/amsmath/amsgen.sty
File: amsgen.sty 1999/11/30 v2.0 generic functions
\@emptytoks=\toks20
\ex@=\dimen147
)) (/usr/share/texmf-dist/tex/latex/amsmath/amsbsy.sty
Package: amsbsy 1999/11/29 v1.2d Bold Symbols
\pmbraise@=\dimen148
) (/usr/share/texmf-dist/tex/latex/amsmath/amsopn.sty
Package: amsopn 2021/08/26 v2.02 operator names
)
\inf@bad=\count198
LaTeX Info: Redefining \frac on input line 234.
\uproot@=\count199
\leftroot@=\count266
LaTeX Info: Redefining \overline on input line 399.
\classnum@=\count267
\DOTSCASE@=\count268
LaTeX Info: Redefining \ldots on input line 496.
LaTeX Info: Redefining \dots on input line 499.
LaTeX Info: Redefining \cdots on input line 620.
\Mathstrutbox@=\box50
\strutbox@=\box51
\big@size=\dimen149
LaTeX Font Info:    Redeclaring font encoding OML on input line 743.
LaTeX Font Info:    Redeclaring font encoding OMS on input line 744.
\macc@depth=\count269
\c@MaxMatrixCols=\count270
\dotsspace@=\muskip16
\c@parentequation=\count271
\dspbrk@lvl=\count272
\tag@help=\toks21
\row@=\count273
\column@=\count274
\maxfields@=\count275
\andhelp@=\toks22
\eqnshift@=\dimen150
\alignsep@=\dimen151
\tagshift@=\dimen152
\tagwidth@=\dimen153
\totwidth@=\dimen154
\lineht@=\dimen155
\@envbody=\toks23
\multlinegap=\skip50
\multlinetaggap=\skip51
\mathdisplay@stack=\toks24
LaTeX Info: Redefining \[ on input line 2938.
LaTeX Info: Redefining \] on input line 2939.
) (/usr/share/texmf-dist/tex/latex/mathtools/mathtools.sty
Package: mathtools 2022/02/07 v1.28a mathematical typesetting tools
 (/usr/share/texmf-dist/tex/latex/tools/calc.sty
Package: calc 2017/05/25 v4.3 Infix arithmetic (KKT,FJ)
\calc@Acount=\count276
\calc@Bcount=\count277
\calc@Adimen=\dimen156
\calc@Bdimen=\dimen157
\calc@Askip=\skip52
\calc@Bskip=\skip53
LaTeX Info: Redefining \setlength on input line 80.
LaTeX Info: Redefining \addtolength on input line 81.
\calc@Ccount=\count278
\calc@Cskip=\skip54
) (/usr/share/texmf-dist/tex/latex/mathtools/mhsetup.sty
Package: mhsetup 2021/03/18 v1.4 programming setup (MH)
)
\g_MT_multlinerow_int=\count279
\l_MT_multwidth_dim=\dimen158
\origjot=\skip55
\l_MT_shortvdotswithinadjustabove_dim=\dimen159
\l_MT_shortvdotswithinadjustbelow_dim=\dimen160
\l_MT_above_intertext_sep=\dimen161
\l_MT_below_intertext_sep=\dimen162
\l_MT_above_shortintertext_sep=\dimen163
\l_MT_below_shortintertext_sep=\dimen164
\xmathstrut@box=\box52
\xmathstrut@dim=\dimen165
) (/usr/share/texmf-dist/tex/latex/hyperref/hyperref.sty
Package: hyperref 2022-02-21 v7.00n Hypertext links for LaTeX
 (/usr/share/texmf-dist/tex/generic/ltxcmds/ltxcmds.sty
Package: ltxcmds 2020-05-10 v1.25 LaTeX kernel commands for general use (HO)
) (/usr/share/texmf-dist/tex/generic/pdftexcmds/pdftexcmds.sty
Package: pdftexcmds 2020-06-27 v0.33 Utility functions of pdfTeX for LuaTeX (HO)
 (/usr/share/texmf-dist/tex/generic/infwarerr/infwarerr.sty
Package: infwarerr 2019/12/03 v1.5 Providing info/warning/error messages (HO)
)
Package pdftexcmds Info: \pdf@primitive is available.
Package pdftexcmds Info: \pdf@ifprimitive is available.
Package pdftexcmds Info: \pdfdraftmode found.
) (/usr/share/texmf-dist/tex/generic/kvsetkeys/kvsetkeys.sty
Package: kvsetkeys 2019/12/15 v1.18 Key value parser (HO)
) (/usr/share/texmf-dist/tex/generic/kvdefinekeys/kvdefinekeys.sty
Package: kvdefinekeys 2019-12-19 v1.6 Define keys (HO)
) (/usr/share/texmf-dist/tex/generic/pdfescape/pdfescape.sty
Package: pdfescape 2019/12/09 v1.15 Implements pdfTeX's escape features (HO)
) (/usr/share/texmf-dist/tex/latex/hycolor/hycolor.sty
Package: hycolor 2020-01-27 v1.10 Color options for hyperref/bookmark (HO)
) (/usr/share/texmf-dist/tex/latex/letltxmacro/letltxmacro.sty
Package: letltxmacro 2019/12/03 v1.6 Let assignment for LaTeX macros (HO)
) (/usr/share/texmf-dist/tex/latex/auxhook/auxhook.sty
Package: auxhook 2019-12-17 v1.6 Hooks for auxiliary files (HO)
) (/usr/share/texmf-dist/tex/latex/kvoptions/kvoptions.sty
Package: kvoptions 2020-10-07 v3.14 Key value format for package options (HO)
)
\@linkdim=\dimen166
\Hy@linkcounter=\count280
\Hy@pagecounter=\count281
 (/usr/share/texmf-dist/tex/latex/hyperref/pd1enc.def
File: pd1enc.def 2022-02-21 v7.00n Hyperref: PDFDocEncoding definition (HO)
Now handling font encoding PD1 ...
... no UTF-8 mapping file for font encoding PD1
) (/usr/share/texmf-dist/tex/generic/intcalc/intcalc.sty
Package: intcalc 2019/12/15 v1.3 Expandable calculations with integers (HO)
) (/usr/share/texmf-dist/tex/generic/etexcmds/etexcmds.sty
Package: etexcmds 2019/12/15 v1.7 Avoid name clashes with e-TeX commands (HO)
)
\Hy@SavedSpaceFactor=\count282
 (/usr/share/texmf-dist/tex/latex/hyperref/puenc.def
File: puenc.def 2022-02-21 v7.00n Hyperref: PDF Unicode definition (HO)
Now handling font encoding PU ...
... no UTF-8 mapping file for font encoding PU
)
Package hyperref Info: Hyper figures OFF on input line 4137.
Package hyperref Info: Link nesting OFF on input line 4142.
Package hyperref Info: Hyper index ON on input line 4145.
Package hyperref Info: Plain pages OFF on input line 4152.
Package hyperref Info: Backreferencing OFF on input line 4157.
Package hyperref Info: Implicit mode ON; LaTeX internals redefined.
Package hyperref Info: Bookmarks ON on input line 4390.
\c@Hy@tempcnt=\count283
 (/usr/share/texmf-dist/tex/latex/url/url.sty
\Urlmuskip=\muskip17
Package: url 2013/09/16  ver 3.4  Verb mode for urls, etc.
)
LaTeX Info: Redefining \url on input line 4749.
\XeTeXLinkMargin=\dimen167
 (/usr/share/texmf-dist/tex/generic/bitset/bitset.sty
Package: bitset 2019/12/09 v1.3 Handle bit-vector datatype (HO)
 (/usr/share/texmf-dist/tex/generic/bigintcalc/bigintcalc.sty
Package: bigintcalc 2019/12/15 v1.5 Expandable calculations on big integers (HO)
))
\Fld@menulength=\count284
\Field@Width=\dimen168
\Fld@charsize=\dimen169
Package hyperref Info: Hyper figures OFF on input line 6027.
Package hyperref Info: Link nesting OFF on input line 6032.
Package hyperref Info: Hyper index ON on input line 6035.
Package hyperref Info: backreferencing OFF on input line 6042.
Package hyperref Info: Link coloring OFF on input line 6047.
Package hyperref Info: Link coloring with OCG OFF on input line 6052.
Package hyperref Info: PDF/A mode OFF on input line 6057.
LaTeX Info: Redefining \ref on input line 6097.
LaTeX Info: Redefining \pageref on input line 6101.
 (/usr/share/texmf-dist/tex/latex/base/atbegshi-ltx.sty
Package: atbegshi-ltx 2021/01/10 v1.0c Emulation of the original atbegshi
package with kernel methods
)
\Hy@abspage=\count285
\c@Item=\count286
\c@Hfootnote=\count287
)
Package hyperref Info: Driver (autodetected): hpdftex.
 (/usr/share/texmf-dist/tex/latex/hyperref/hpdftex.def
File: hpdftex.def 2022-02-21 v7.00n Hyperref driver for pdfTeX
 (/usr/share/texmf-dist/tex/latex/base/atveryend-ltx.sty
Package: atveryend-ltx 2020/08/19 v1.0a Emulation of the original atveryend package
with kernel methods
)
\Fld@listcount=\count288
\c@bookmark@seq@number=\count289
 (/usr/share/texmf-dist/tex/latex/rerunfilecheck/rerunfilecheck.sty
Package: rerunfilecheck 2019/12/05 v1.9 Rerun checks for auxiliary files (HO)
 (/usr/share/texmf-dist/tex/generic/uniquecounter/uniquecounter.sty
Package: uniquecounter 2019/12/15 v1.4 Provide unlimited unique counter (HO)
)
Package uniquecounter Info: New unique counter `rerunfilecheck' on input line 286.
)
\Hy@SectionHShift=\skip56
) (/usr/share/texmf-dist/tex/latex/base/fontenc.sty
Package: fontenc 2021/04/29 v2.0v Standard LaTeX package
LaTeX Font Info:    Trying to load font information for T1+ppl on input line 112.
 (/usr/share/texmf-dist/tex/latex/psnfss/t1ppl.fd
File: t1ppl.fd 2001/06/04 font definitions for T1/ppl.
)) (/usr/share/texmf-dist/tex/latex/base/inputenc.sty
Package: inputenc 2021/02/14 v1.3d Input encoding file
\inpenc@prehook=\toks25
\inpenc@posthook=\toks26
) (/usr/share/texmf-dist/tex/latex/l3backend/l3backend-pdftex.def
File: l3backend-pdftex.def 2022-04-14 L3 backend support: PDF output (pdfTeX)
\l__color_backend_stack_int=\count290
\l__pdf_internal_box=\box53
) (./vandermonde.aux)
\openout1 = `vandermonde.aux'.

LaTeX Font Info:    Checking defaults for OML/cmm/m/it on input line 17.
LaTeX Font Info:    ... okay on input line 17.
LaTeX Font Info:    Checking defaults for OMS/cmsy/m/n on input line 17.
LaTeX Font Info:    ... okay on input line 17.
LaTeX Font Info:    Checking defaults for OT1/cmr/m/n on input line 17.
LaTeX Font Info:    ... okay on input line 17.
LaTeX Font Info:    Checking defaults for T1/cmr/m/n on input line 17.
LaTeX Font Info:    ... okay on input line 17.
LaTeX Font Info:    Checking defaults for TS1/cmr/m/n on input line 17.
LaTeX Font Info:    ... okay on input line 17.
LaTeX Font Info:    Checking defaults for OMX/cmex/m/n on input line 17.
LaTeX Font Info:    ... okay on input line 17.
LaTeX Font Info:    Checking defaults for U/cmr/m/n on input line 17.
LaTeX Font Info:    ... okay on input line 17.
LaTeX Font Info:    Checking defaults for PD1/pdf/m/n on input line 17.
LaTeX Font Info:    ... okay on input line 17.
LaTeX Font Info:    Checking defaults for PU/pdf/m/n on input line 17.
LaTeX Font Info:    ... okay on input line 17.

*geometry* driver: auto-detecting
*geometry* detected driver: pdftex
*geometry* verbose mode - [ preamble ] result:
* driver: pdftex
* paper: a4paper
* layout: <same size as paper>
* layoutoffset:(h,v)=(0.0pt,0.0pt)
* modes: twoside 
* h-part:(L,W,R)=(47.7999pt, 478.00812pt, 71.69986pt)
* v-part:(T,H,B)=(101.40665pt, 591.5302pt, 152.11pt)
* \paperwidth=597.50787pt
* \paperheight=845.04684pt
* \textwidth=478.00812pt
* \textheight=591.5302pt
* \oddsidemargin=-24.4701pt
* \evensidemargin=-0.57013pt
* \topmargin=-0.93083pt
* \headheight=12.0pt
* \headsep=18.06749pt
* \topskip=10.0pt
* \footskip=25.29494pt
* \marginparwidth=125.0pt
* \marginparsep=7.0pt
* \columnsep=10.0pt
* \skip\footins=9.0pt plus 4.0pt minus 2.0pt
* \hoffset=0.0pt
* \voffset=0.0pt
* \mag=1000
* \@twocolumnfalse
* \@twosidetrue
* \@mparswitchtrue
* \@reversemarginfalse
* (1in=72.27pt=25.4mm, 1cm=28.453pt)

\c@mv@tabular=\count291
\c@mv@boldtabular=\count292
(/usr/share/texmf-dist/tex/latex/graphics/graphicx.sty
Package: graphicx 2021/09/16 v1.2d Enhanced LaTeX Graphics (DPC,SPQR)
 (/usr/share/texmf-dist/tex/latex/graphics/graphics.sty
Package: graphics 2021/03/04 v1.4d Standard LaTeX Graphics (DPC,SPQR)
 (/usr/share/texmf-dist/tex/latex/graphics/trig.sty
Package: trig 2021/08/11 v1.11 sin cos tan (DPC)
) (/usr/share/texmf-dist/tex/latex/graphics-cfg/graphics.cfg
File: graphics.cfg 2016/06/04 v1.11 sample graphics configuration
)
Package graphics Info: Driver file: pdftex.def on input line 107.
 (/usr/share/texmf-dist/tex/latex/graphics-def/pdftex.def
File: pdftex.def 2020/10/05 v1.2a Graphics/color driver for pdftex
 (/usr/share/texmf-dist/tex/context/base/mkii/supp-pdf.mkii
[Loading MPS to PDF converter (version 2006.09.02).]
\scratchcounter=\count293
\scratchdimen=\dimen170
\scratchbox=\box54
\nofMPsegments=\count294
\nofMParguments=\count295
\everyMPshowfont=\toks27
\MPscratchCnt=\count296
\MPscratchDim=\dimen171
\MPnumerator=\count297
\makeMPintoPDFobject=\count298
\everyMPtoPDFconversion=\toks28
))) (/usr/share/texmf-dist/tex/latex/epstopdf-pkg/epstopdf-base.sty
Package: epstopdf-base 2020-01-24 v2.11 Base part for package epstopdf
Package epstopdf-base Info: Redefining graphics rule for `.eps' on input line 485.
 (/usr/share/texmf-dist/tex/latex/latexconfig/epstopdf-sys.cfg
File: epstopdf-sys.cfg 2010/07/13 v1.3 Configuration of (r)epstopdf for TeX Live
))
\Gin@req@height=\dimen172
\Gin@req@width=\dimen173
)
Package hyperref Info: Link coloring OFF on input line 17.
 (/usr/share/texmf-dist/tex/latex/hyperref/nameref.sty
Package: nameref 2021-04-02 v2.47 Cross-referencing by name of section
 (/usr/share/texmf-dist/tex/latex/refcount/refcount.sty
Package: refcount 2019/12/15 v3.6 Data extraction from label references (HO)
) (/usr/share/texmf-dist/tex/generic/gettitlestring/gettitlestring.sty
Package: gettitlestring 2019/12/15 v1.6 Cleanup title references (HO)
)
\c@section@level=\count299
)
LaTeX Info: Redefining \ref on input line 17.
LaTeX Info: Redefining \pageref on input line 17.
LaTeX Info: Redefining \nameref on input line 17.
 (./vandermonde.out) (./vandermonde.out)
\@outlinefile=\write3
\openout3 = `vandermonde.out'.

LaTeX Font Info:    Trying to load font information for OT1+ppl on input line 20.
 (/usr/share/texmf-dist/tex/latex/psnfss/ot1ppl.fd
File: ot1ppl.fd 2001/06/04 font definitions for OT1/ppl.
)
LaTeX Font Info:    Trying to load font information for OML+zplm on input line 20.
 (/usr/share/texmf-dist/tex/latex/psnfss/omlzplm.fd
File: omlzplm.fd 2002/09/08 Fontinst v1.914 font definitions for OML/zplm.
)
LaTeX Font Info:    Trying to load font information for OMS+zplm on input line 20.
 (/usr/share/texmf-dist/tex/latex/psnfss/omszplm.fd
File: omszplm.fd 2002/09/08 Fontinst v1.914 font definitions for OMS/zplm.
)
LaTeX Font Info:    Trying to load font information for OMX+zplm on input line 20.
 (/usr/share/texmf-dist/tex/latex/psnfss/omxzplm.fd
File: omxzplm.fd 2002/09/08 Fontinst v1.914 font definitions for OMX/zplm.
)
LaTeX Font Info:    Trying to load font information for OT1+zplm on input line 20.
 (/usr/share/texmf-dist/tex/latex/psnfss/ot1zplm.fd
File: ot1zplm.fd 2002/09/08 Fontinst v1.914 font definitions for OT1/zplm.
) [1{/var/lib/texmf/fonts/map/pdftex/updmap/pdftex.map}


pdfTeX warning (ext4): destination with the same identifier (name{equation.0.0.1}) has been already used, duplicate ignored
<argument> ...shipout:D \box_use:N \l_shipout_box 
                                                  \__shipout_drop_firstpage_...
l.160 \end{equation}
                    
pdfTeX warning (ext4): destination with the same identifier (name{equation.0.0.1}) has been already used, duplicate ignored
<argument> ...shipout:D \box_use:N \l_shipout_box 
                                                  \__shipout_drop_firstpage_...
l.160 \end{equation}
                    
pdfTeX warning (ext4): destination with the same identifier (name{equation.0.0.1}) has been already used, duplicate ignored
<argument> ...shipout:D \box_use:N \l_shipout_box 
                                                  \__shipout_drop_firstpage_...
l.160 \end{equation}
                    
pdfTeX warning (ext4): destination with the same identifier (name{equation.0.0.1}) has been already used, duplicate ignored
<argument> ...shipout:D \box_use:N \l_shipout_box 
                                                  \__shipout_drop_firstpage_...
l.160 \end{equation}
                    
pdfTeX warning (ext4): destination with the same identifier (name{equation.0.0.1}) has been already used, duplicate ignored
<argument> ...shipout:D \box_use:N \l_shipout_box 
                                                  \__shipout_drop_firstpage_...
l.160 \end{equation}
                    ]
pdfTeX warning (ext4): destination with the same identifier (name{equation.0.0.1}) has been already used, duplicate ignored
<to be read again> 
                   \relax 
l.162 \begin{equation}
                      
pdfTeX warning (ext4): destination with the same identifier (name{equation.0.0.1}) has been already used, duplicate ignored
<to be read again> 
                   \relax 
l.162 \begin{equation}
                      
pdfTeX warning (ext4): destination with the same identifier (name{equation.0.0.1}) has been already used, duplicate ignored
<to be read again> 
                   \relax 
l.162 \begin{equation}
                      
pdfTeX warning (ext4): destination with the same identifier (name{equation.0.0.1}) has been already used, duplicate ignored
<to be read again> 
                   \relax 
l.162 \begin{equation}
                      
pdfTeX warning (ext4): destination with the same identifier (name{equation.0.0.1}) has been already used, duplicate ignored
<to be read again> 
                   \relax 
l.165 \begin{equation}
                      
pdfTeX warning (ext4): destination with the same identifier (name{equation.0.0.1}) has been already used, duplicate ignored
<to be read again> 
                   \relax 
l.165 \begin{equation}
                      
pdfTeX warning (ext4): destination with the same identifier (name{equation.0.0.1}) has been already used, duplicate ignored
<to be read again> 
                   \relax 
l.165 \begin{equation}
                      
pdfTeX warning (ext4): destination with the same identifier (name{equation.0.0.1}) has been already used, duplicate ignored
<to be read again> 
                   \relax 
l.165 \begin{equation}
                      
pdfTeX warning (ext4): destination with the same identifier (name{equation.0.0.1}) has been already used, duplicate ignored
<to be read again> 
                   \relax 
l.168 \begin{equation}
                      
pdfTeX warning (ext4): destination with the same identifier (name{equation.0.0.1}) has been already used, duplicate ignored
<to be read again> 
                   \relax 
l.168 \begin{equation}
                      
pdfTeX warning (ext4): destination with the same identifier (name{equation.0.0.1}) has been already used, duplicate ignored
<to be read again> 
                   \relax 
l.168 \begin{equation}
                      
pdfTeX warning (ext4): destination with the same identifier (name{equation.0.0.1}) has been already used, duplicate ignored
<to be read again> 
                   \relax 
l.168 \begin{equation}
                      
pdfTeX warning (ext4): destination with the same identifier (name{equation.0.0.1}) has been already used, duplicate ignored
<to be read again> 
                   \relax 
l.171 \begin{equation}
                      
pdfTeX warning (ext4): destination with the same identifier (name{equation.0.0.1}) has been already used, duplicate ignored
<to be read again> 
                   \relax 
l.171 \begin{equation}
                      
pdfTeX warning (ext4): destination with the same identifier (name{equation.0.0.1}) has been already used, duplicate ignored
<to be read again> 
                   \relax 
l.171 \begin{equation}
                      
pdfTeX warning (ext4): destination with the same identifier (name{equation.0.0.1}) has been already used, duplicate ignored
<to be read again> 
                   \relax 
l.171 \begin{equation}
                      
pdfTeX warning (ext4): destination with the same identifier (name{equation.0.0.1}) has been already used, duplicate ignored
<to be read again> 
                   \relax 
l.174 \begin{equation}
                      
pdfTeX warning (ext4): destination with the same identifier (name{equation.0.0.1}) has been already used, duplicate ignored
<to be read again> 
                   \relax 
l.174 \begin{equation}
                      
pdfTeX warning (ext4): destination with the same identifier (name{equation.0.0.1}) has been already used, duplicate ignored
<to be read again> 
                   \relax 
l.174 \begin{equation}
                      
pdfTeX warning (ext4): destination with the same identifier (name{equation.0.0.1}) has been already used, duplicate ignored
<to be read again> 
                   \relax 
l.174 \begin{equation}
                      
pdfTeX warning (ext4): destination with the same identifier (name{equation.0.0.1}) has been already used, duplicate ignored
<to be read again> 
                   \relax 
l.178 \begin{equation}
                      
pdfTeX warning (ext4): destination with the same identifier (name{equation.0.0.1}) has been already used, duplicate ignored
<to be read again> 
                   \relax 
l.178 \begin{equation}
                      
pdfTeX warning (ext4): destination with the same identifier (name{equation.0.0.1}) has been already used, duplicate ignored
<to be read again> 
                   \relax 
l.178 \begin{equation}
                      
pdfTeX warning (ext4): destination with the same identifier (name{equation.0.0.1}) has been already used, duplicate ignored
<to be read again> 
                   \relax 
l.178 \begin{equation}
                      
pdfTeX warning (ext4): destination with the same identifier (name{equation.0.0.1}) has been already used, duplicate ignored
<to be read again> 
                   \relax 
l.203 \begin{equation}
                      
pdfTeX warning (ext4): destination with the same identifier (name{equation.0.0.1}) has been already used, duplicate ignored
<to be read again> 
                   \relax 
l.203 \begin{equation}
                      
pdfTeX warning (ext4): destination with the same identifier (name{equation.0.0.1}) has been already used, duplicate ignored
<to be read again> 
                   \relax 
l.203 \begin{equation}
                      
pdfTeX warning (ext4): destination with the same identifier (name{equation.0.0.1}) has been already used, duplicate ignored
<to be read again> 
                   \relax 
l.203 \begin{equation}
                      
pdfTeX warning (ext4): destination with the same identifier (name{equation.0.0.1}) has been already used, duplicate ignored
<to be read again> 
                   \relax 
l.228 \begin{equation}
                      
pdfTeX warning (ext4): destination with the same identifier (name{equation.0.0.1}) has been already used, duplicate ignored
<to be read again> 
                   \relax 
l.228 \begin{equation}
                      
pdfTeX warning (ext4): destination with the same identifier (name{equation.0.0.1}) has been already used, duplicate ignored
<to be read again> 
                   \relax 
l.228 \begin{equation}
                      
pdfTeX warning (ext4): destination with the same identifier (name{equation.0.0.1}) has been already used, duplicate ignored
<to be read again> 
                   \relax 
l.228 \begin{equation}
                       [2
pdfTeX warning (ext4): destination with the same identifier (name{equation.0.0.1}) has been already used, duplicate ignored
<argument> ...shipout:D \box_use:N \l_shipout_box 
                                                  \__shipout_drop_firstpage_...
l.255 I
       n the following equation:
pdfTeX warning (ext4): destination with the same identifier (name{equation.0.0.1}) has been already used, duplicate ignored
<argument> ...shipout:D \box_use:N \l_shipout_box 
                                                  \__shipout_drop_firstpage_...
l.255 I
       n the following equation:]
pdfTeX warning (ext4): destination with the same identifier (name{equation.0.0.1}) has been already used, duplicate ignored
<to be read again> 
                   \relax 
l.256 \begin{equation}
                      
pdfTeX warning (ext4): destination with the same identifier (name{equation.0.0.1}) has been already used, duplicate ignored
<to be read again> 
                   \relax 
l.256 \begin{equation}
                      
pdfTeX warning (ext4): destination with the same identifier (name{equation.0.0.1}) has been already used, duplicate ignored
<to be read again> 
                   \relax 
l.256 \begin{equation}
                      
pdfTeX warning (ext4): destination with the same identifier (name{equation.0.0.1}) has been already used, duplicate ignored
<to be read again> 
                   \relax 
l.256 \begin{equation}
                      
pdfTeX warning (ext4): destination with the same identifier (name{equation.0.0.1}) has been already used, duplicate ignored
<to be read again> 
                   \relax 
l.281 \begin{equation}
                      
pdfTeX warning (ext4): destination with the same identifier (name{equation.0.0.1}) has been already used, duplicate ignored
<to be read again> 
                   \relax 
l.281 \begin{equation}
                      
pdfTeX warning (ext4): destination with the same identifier (name{equation.0.0.1}) has been already used, duplicate ignored
<to be read again> 
                   \relax 
l.281 \begin{equation}
                      
pdfTeX warning (ext4): destination with the same identifier (name{equation.0.0.1}) has been already used, duplicate ignored
<to be read again> 
                   \relax 
l.281 \begin{equation}
                      
pdfTeX warning (ext4): destination with the same identifier (name{equation.0.0.1}) has been already used, duplicate ignored
<to be read again> 
                   \relax 
l.291 \begin{equation}
                      
pdfTeX warning (ext4): destination with the same identifier (name{equation.0.0.1}) has been already used, duplicate ignored
<to be read again> 
                   \relax 
l.291 \begin{equation}
                      
pdfTeX warning (ext4): destination with the same identifier (name{equation.0.0.1}) has been already used, duplicate ignored
<to be read again> 
                   \relax 
l.291 \begin{equation}
                      
pdfTeX warning (ext4): destination with the same identifier (name{equation.0.0.1}) has been already used, duplicate ignored
<to be read again> 
                   \relax 
l.291 \begin{equation}
                      
pdfTeX warning (ext4): destination with the same identifier (name{equation.0.0.1}) has been already used, duplicate ignored
<to be read again> 
                   \relax 
l.325 \begin{equation}
                      
pdfTeX warning (ext4): destination with the same identifier (name{equation.0.0.1}) has been already used, duplicate ignored
<to be read again> 
                   \relax 
l.325 \begin{equation}
                      
pdfTeX warning (ext4): destination with the same identifier (name{equation.0.0.1}) has been already used, duplicate ignored
<to be read again> 
                   \relax 
l.325 \begin{equation}
                      
pdfTeX warning (ext4): destination with the same identifier (name{equation.0.0.1}) has been already used, duplicate ignored
<to be read again> 
                   \relax 
l.325 \begin{equation}
                      
LaTeX Font Info:    Trying to load font information for T1+cmtt on input line 335.
 (/usr/share/texmf-dist/tex/latex/base/t1cmtt.fd
File: t1cmtt.fd 2019/12/16 v2.5j Standard LaTeX font definitions
)
pdfTeX warning (ext4): destination with the same identifier (name{equation.0.0.1}) has been already used, duplicate ignored
<to be read again> 
                   \relax 
l.336 \begin{equation}
                      
pdfTeX warning (ext4): destination with the same identifier (name{equation.0.0.1}) has been already used, duplicate ignored
<to be read again> 
                   \relax 
l.336 \begin{equation}
                      
pdfTeX warning (ext4): destination with the same identifier (name{equation.0.0.1}) has been already used, duplicate ignored
<to be read again> 
                   \relax 
l.336 \begin{equation}
                      
pdfTeX warning (ext4): destination with the same identifier (name{equation.0.0.1}) has been already used, duplicate ignored
<to be read again> 
                   \relax 
l.336 \begin{equation}
                      
pdfTeX warning (ext4): destination with the same identifier (name{equation.0.0.1}) has been already used, duplicate ignored
<to be read again> 
                   \relax 
l.343 \begin{equation}
                      
pdfTeX warning (ext4): destination with the same identifier (name{equation.0.0.1}) has been already used, duplicate ignored
<to be read again> 
                   \relax 
l.343 \begin{equation}
                      
pdfTeX warning (ext4): destination with the same identifier (name{equation.0.0.1}) has been already used, duplicate ignored
<to be read again> 
                   \relax 
l.343 \begin{equation}
                      
pdfTeX warning (ext4): destination with the same identifier (name{equation.0.0.1}) has been already used, duplicate ignored
<to be read again> 
                   \relax 
l.343 \begin{equation}
                      
pdfTeX warning (ext4): destination with the same identifier (name{equation.0.0.1}) has been already used, duplicate ignored
<to be read again> 
                   \relax 
l.347 \begin{equation}
                      
pdfTeX warning (ext4): destination with the same identifier (name{equation.0.0.1}) has been already used, duplicate ignored
<to be read again> 
                   \relax 
l.347 \begin{equation}
                      
pdfTeX warning (ext4): destination with the same identifier (name{equation.0.0.1}) has been already used, duplicate ignored
<to be read again> 
                   \relax 
l.347 \begin{equation}
                      
pdfTeX warning (ext4): destination with the same identifier (name{equation.0.0.1}) has been already used, duplicate ignored
<to be read again> 
                   \relax 
l.347 \begin{equation}
                       [3] [4]
pdfTeX warning (ext4): destination with the same identifier (name{equation.0.0.1}) has been already used, duplicate ignored
<to be read again> 
                   \relax 
l.385 \begin{equation}
                      
pdfTeX warning (ext4): destination with the same identifier (name{equation.0.0.1}) has been already used, duplicate ignored
<to be read again> 
                   \relax 
l.385 \begin{equation}
                      
pdfTeX warning (ext4): destination with the same identifier (name{equation.0.0.1}) has been already used, duplicate ignored
<to be read again> 
                   \relax 
l.385 \begin{equation}
                      
pdfTeX warning (ext4): destination with the same identifier (name{equation.0.0.1}) has been already used, duplicate ignored
<to be read again> 
                   \relax 
l.385 \begin{equation}
                      
pdfTeX warning (ext4): destination with the same identifier (name{equation.0.0.1}) has been already used, duplicate ignored
<to be read again> 
                   \relax 
l.393 \begin{equation}
                      
pdfTeX warning (ext4): destination with the same identifier (name{equation.0.0.1}) has been already used, duplicate ignored
<to be read again> 
                   \relax 
l.393 \begin{equation}
                      
pdfTeX warning (ext4): destination with the same identifier (name{equation.0.0.1}) has been already used, duplicate ignored
<to be read again> 
                   \relax 
l.393 \begin{equation}
                      
pdfTeX warning (ext4): destination with the same identifier (name{equation.0.0.1}) has been already used, duplicate ignored
<to be read again> 
                   \relax 
l.393 \begin{equation}
                      
pdfTeX warning (ext4): destination with the same identifier (name{equation.0.0.1}) has been already used, duplicate ignored
<to be read again> 
                   \relax 
l.400 \begin{equation}
                      
pdfTeX warning (ext4): destination with the same identifier (name{equation.0.0.1}) has been already used, duplicate ignored
<to be read again> 
                   \relax 
l.400 \begin{equation}
                      
pdfTeX warning (ext4): destination with the same identifier (name{equation.0.0.1}) has been already used, duplicate ignored
<to be read again> 
                   \relax 
l.400 \begin{equation}
                      
pdfTeX warning (ext4): destination with the same identifier (name{equation.0.0.1}) has been already used, duplicate ignored
<to be read again> 
                   \relax 
l.400 \begin{equation}
                      
pdfTeX warning (ext4): destination with the same identifier (name{equation.0.0.1}) has been already used, duplicate ignored
<to be read again> 
                   \relax 
l.404 \begin{equation}
                      
pdfTeX warning (ext4): destination with the same identifier (name{equation.0.0.1}) has been already used, duplicate ignored
<to be read again> 
                   \relax 
l.404 \begin{equation}
                      
pdfTeX warning (ext4): destination with the same identifier (name{equation.0.0.1}) has been already used, duplicate ignored
<to be read again> 
                   \relax 
l.404 \begin{equation}
                      
pdfTeX warning (ext4): destination with the same identifier (name{equation.0.0.1}) has been already used, duplicate ignored
<to be read again> 
                   \relax 
l.404 \begin{equation}
                       [5

] [6

] (./vandermonde.aux)
Package rerunfilecheck Info: File `vandermonde.out' has not changed.
(rerunfilecheck)             Checksum: D41D8CD98F00B204E9800998ECF8427E;0.
 ) 
Here is how much of TeX's memory you used:
 10964 strings out of 478238
 173880 string characters out of 5850456
 513546 words of memory out of 5000000
 29006 multiletter control sequences out of 15000+600000
 494259 words of font info for 83 fonts, out of 8000000 for 9000
 1141 hyphenation exceptions out of 8191
 68i,22n,79p,339b,356s stack positions out of 5000i,500n,10000p,200000b,80000s
{/usr/share/texmf-dist/fonts/enc/dvips/cm-super/cm-super-t1.enc}{/usr/share/texmf-dist/fonts/enc/dvips/base/8r.enc}</usr/share/texmf-dist/fonts/type1/public/amsfonts/cm/cmex10.pfb></usr/share/texmf-dist/fonts/type1/public/amsfonts/cm/cmmi10.pfb></usr/share/texmf-dist/fonts/type1/public/amsfonts/cm/cmr10.pfb></usr/share/texmf-dist/fonts/type1/public/amsfonts/cm/cmsy10.pfb></usr/share/texmf-dist/fonts/type1/public/mathpazo/fplmr.pfb></usr/share/texmf-dist/fonts/type1/public/cm-super/sftt1000.pfb></usr/share/texmf-dist/fonts/type1/urw/palatino/uplb8a.pfb></usr/share/texmf-dist/fonts/type1/urw/palatino/uplr8a.pfb></usr/share/texmf-dist/fonts/type1/urw/palatino/uplri8a.pfb>
Output written on vandermonde.pdf (6 pages, 129801 bytes).
PDF statistics:
 84 PDF objects out of 1000 (max. 8388607)
 57 compressed objects within 1 object stream
 8 named destinations out of 1000 (max. 500000)
 1 words of extra memory for PDF output out of 10000 (max. 10000000)

